[2022-05-2911:42:29] [ ERROR] [Main:41] Error: no se pudo cargar el controlador!
[2022-05-2911:51:09] [ ERROR] [Main:47] Error: no se pudo cargar el controlador!
[2022-05-2911:55:50] [ ERROR] [Main:47] Error: no se pudo cargar el controlador!
[2022-05-2911:59:36] [ ERROR] [Main:47] Error: no se pudo cargar el controlador!
[2022-05-2911:59:49] [ ERROR] [Main:47] Error: no se pudo cargar el controlador!
[2022-05-2912:00:44] [ ERROR] [Main:47] Error: no se pudo cargar el controlador!
[2022-05-2912:01:18] [ ERROR] [Main:47] Error: no se pudo cargar el controlador!
[2022-05-2913:54:32] [ ERROR] [Main:47] Error: no se pudo cargar el controlador!
[2022-05-2916:42:49] [ INFO ] [Main:62] Creando tabla en la base de datos...
[2022-05-2916:42:49] [ ERROR] [Main:107] Error de Sintaxis en sentencia SQL "INSERT INTO PACIENTE VALUES(dni, nombre, apellido, domicilio, fechaDeAlta, usuario, contrasenia) [*]VALUES (?, ?, ?, ?, ?, ?, ?)"
Syntax error in SQL statement "INSERT INTO PACIENTE VALUES(dni, nombre, apellido, domicilio, fechaDeAlta, usuario, contrasenia) [*]VALUES (?, ?, ?, ?, ?, ?, ?)"; SQL statement:
INSERT INTO PACIENTE VALUES(dni, nombre, apellido, domicilio, fechaDeAlta, usuario, contrasenia) VALUES (?, ?, ?, ?, ?, ?, ?) [42000-210]
[2022-05-2916:42:49] [ INFO ] [Main:108] Se hará un rollback de la información...
[2022-05-2916:45:16] [ INFO ] [Main:62] Creando tabla en la base de datos...
[2022-05-2916:45:16] [ ERROR] [Main:107] Error de Sintaxis en sentencia SQL "INSERT INTO PACIENTE VALUES(dni, nombre, apellido, domicilio, fechaDeAlta, usuario, contrasenia) [*]VALUES (?,?,?,?,?,?,?)"
Syntax error in SQL statement "INSERT INTO PACIENTE VALUES(dni, nombre, apellido, domicilio, fechaDeAlta, usuario, contrasenia) [*]VALUES (?,?,?,?,?,?,?)"; SQL statement:
INSERT INTO PACIENTE VALUES(dni, nombre, apellido, domicilio, fechaDeAlta, usuario, contrasenia) VALUES (?,?,?,?,?,?,?) [42000-210]
[2022-05-2916:45:16] [ INFO ] [Main:108] Se hará un rollback de la información...
[2022-05-2916:45:49] [ INFO ] [Main:62] Creando tabla en la base de datos...
[2022-05-2916:45:49] [ ERROR] [Main:107] Valor demasiado largo para la columna "CONTRASENIA CHARACTER VARYING(10)": "'Juliana654321' (13)"
Value too long for column "CONTRASENIA CHARACTER VARYING(10)": "'Juliana654321' (13)"; SQL statement:
UPDATE PACIENTE SET contrasenia=? WHERE dni=? [22001-210]
[2022-05-2916:45:49] [ INFO ] [Main:108] Se hará un rollback de la información...
[2022-05-2916:50:03] [ INFO ] [Main:62] Creando tabla en la base de datos...
[2022-05-2916:50:03] [ ERROR] [Main:109] Violación de indice de Unicidad ó Clave primaria: "PRIMARY KEY ON PUBLIC.PACIENTE(DNI) ( /* key:0 */ 35821141, 'Juliana', 'Aparicio', 'Calle falsa 123', DATE '2022-05-29', 'juliAparicio', '123456')"
Unique index or primary key violation: "PRIMARY KEY ON PUBLIC.PACIENTE(DNI) ( /* key:0 */ 35821141, 'Juliana', 'Aparicio', 'Calle falsa 123', DATE '2022-05-29', 'juliAparicio', '123456')"; SQL statement:
INSERT INTO PACIENTE (dni, nombre, apellido, domicilio, fechaDeAlta, usuario, contrasenia) VALUES (?,?,?,?,?,?,?) [23505-210]
[2022-05-2916:50:03] [ INFO ] [Main:110] Se hará un rollback de la información...
[2022-05-2916:50:40] [ INFO ] [Main:62] Creando tabla en la base de datos...
[2022-05-2916:50:40] [ ERROR] [Main:109] Violación de indice de Unicidad ó Clave primaria: "PRIMARY KEY ON PUBLIC.PACIENTE(DNI) ( /* key:0 */ 35821141, 'Juliana', 'Aparicio', 'Calle falsa 123', DATE '2022-05-29', 'juliAparicio', '123456')"
Unique index or primary key violation: "PRIMARY KEY ON PUBLIC.PACIENTE(DNI) ( /* key:0 */ 35821141, 'Juliana', 'Aparicio', 'Calle falsa 123', DATE '2022-05-29', 'juliAparicio', '123456')"; SQL statement:
INSERT INTO PACIENTE (dni, nombre, apellido, domicilio, fechaDeAlta, usuario, contrasenia) VALUES (?,?,?,?,?,?,?) [23505-210]
[2022-05-2916:50:40] [ INFO ] [Main:110] Se hará un rollback de la información...
