[2022-05-2618:35:13] [ INFO ] [App:63] Id: 1 Nombre: MICAELA PERANDOEdad: 32Empresa: DIGITALFecha de ingreso: 2015-03-15
[2022-05-2618:35:13] [ INFO ] [App:63] Id: 2 Nombre: MAUEdad: 36Empresa: GOOGLEFecha de ingreso: 2018-11-03
[2022-05-2618:35:13] [ INFO ] [App:63] Id: 3 Nombre: JULIEdad: 31Empresa: FACEBOOKFecha de ingreso: 2022-05-25
[2022-05-2618:36:10] [ INFO ] [App:63] Id: 1 Nombre: MICAELA PERANDO Edad: 32 Empresa: DIGITAL Fecha de ingreso: 2015-03-15
[2022-05-2618:36:10] [ INFO ] [App:63] Id: 2 Nombre: MAU Edad: 36 Empresa: GOOGLE Fecha de ingreso: 2018-11-03
[2022-05-2618:36:10] [ INFO ] [App:63] Id: 3 Nombre: JULI Edad: 31 Empresa: FACEBOOK Fecha de ingreso: 2022-05-25
[2022-05-2618:36:44] [ INFO ] [App:63] Id: 1 Nombre: MICAELA PERANDO Edad: 32 Empresa: DIGITAL Fecha de ingreso: 2015-03-15
[2022-05-2618:36:44] [ INFO ] [App:63] Id: 2 Nombre: MAURICIO RODRIGUEZ Edad: 36 Empresa: GOOGLE Fecha de ingreso: 2018-11-03
[2022-05-2618:36:44] [ INFO ] [App:63] Id: 3 Nombre: JULIANA APARICIO Edad: 31 Empresa: FACEBOOK Fecha de ingreso: 2022-05-25
[2022-05-2619:12:33] [ INFO ] [App:63] Id: 1 Nombre: MICAELA PERANDO Edad: 32 Empresa: DIGITAL Fecha de ingreso: 2015-03-15
[2022-05-2619:12:33] [ INFO ] [App:63] Id: 2 Nombre: MAURICIO RODRIGUEZ Edad: 36 Empresa: GOOGLE Fecha de ingreso: 2018-11-03
[2022-05-2619:12:33] [ INFO ] [App:63] Id: 3 Nombre: JULIANA APARICIO Edad: 31 Empresa: FACEBOOK Fecha de ingreso: 2022-05-25
[2022-05-2619:33:36] [ INFO ] [App:63] Id: 1 Nombre: MICAELA PERANDO Edad: 32 Empresa: DIGITAL Fecha de ingreso: 2015-03-15
[2022-05-2619:33:36] [ INFO ] [App:63] Id: 2 Nombre: MAURICIO RODRIGUEZ Edad: 36 Empresa: GOOGLE Fecha de ingreso: 2018-11-03
[2022-05-2619:33:36] [ INFO ] [App:63] Id: 3 Nombre: JULIANA APARICIO Edad: 31 Empresa: FACEBOOK Fecha de ingreso: 2022-05-25
[2022-05-2619:54:45] [ INFO ] [App:63] Id: 1 
 Nombre: MICAELA PERANDO Edad: 32 Empresa: DIGITAL Fecha de ingreso: 2015-03-15
[2022-05-2619:54:45] [ INFO ] [App:63] Id: 2 
 Nombre: MAURICIO RODRIGUEZ Edad: 36 Empresa: GOOGLE Fecha de ingreso: 2018-11-03
[2022-05-2619:54:45] [ INFO ] [App:63] Id: 3 
 Nombre: JULIANA APARICIO Edad: 31 Empresa: FACEBOOK Fecha de ingreso: 2022-05-25
[2022-05-2619:55:23] [ INFO ] [App:63] 
 Id: 1
 Nombre: MICAELA PERANDO
 Edad: 32
 Empresa: DIGITAL
 Fecha de ingreso: 2015-03-15
[2022-05-2619:55:23] [ INFO ] [App:63] 
 Id: 2
 Nombre: MAURICIO RODRIGUEZ
 Edad: 36
 Empresa: GOOGLE
 Fecha de ingreso: 2018-11-03
[2022-05-2619:55:23] [ INFO ] [App:63] 
 Id: 3
 Nombre: JULIANA APARICIO
 Edad: 31
 Empresa: FACEBOOK
 Fecha de ingreso: 2022-05-25
[2022-05-2620:06:26] [ INFO ] [App:62] 
 Id: 1
 Nombre: MICAELA PERANDO
 Edad: 32
 Empresa: DIGITAL
 Fecha de ingreso: 2015-03-15
[2022-05-2620:06:26] [ INFO ] [App:62] 
 Id: 2
 Nombre: MAURICIO RODRIGUEZ
 Edad: 36
 Empresa: GOOGLE
 Fecha de ingreso: 2018-11-03
[2022-05-2620:06:26] [ INFO ] [App:62] 
 Id: 3
 Nombre: JULIANA APARICIO
 Edad: 31
 Empresa: FACEBOOK
 Fecha de ingreso: 2022-05-25
