[2022-06-18 17:06:43] [ INFO ] [ConfiguracionJDBC:40] Conexión exitosa a la base de datos
[2022-06-18 17:06:43] [ INFO ] [OdontologoDao:79] Se creó exitosamente el registro del odontólogo: Gomez. Matrícula Nº 456GBH
[2022-06-18 17:06:56] [ INFO ] [ConfiguracionJDBC:40] Conexión exitosa a la base de datos
[2022-06-18 17:06:56] [ INFO ] [OdontologoDao:79] Se creó exitosamente el registro del odontólogo: Gomez. Matrícula Nº 456GBH
[2022-06-18 17:07:43] [ INFO ] [ConfiguracionJDBC:40] Conexión exitosa a la base de datos
[2022-06-18 17:07:43] [ ERROR] [OdontologoDao:50] Ha ocurrido un error en consultar los odontólogosorg.h2.jdbc.JdbcSQLSyntaxErrorException: Columna "matricula" no encontrada
Column "matricula" not found [42122-212]
[2022-06-18 17:07:59] [ INFO ] [ConfiguracionJDBC:40] Conexión exitosa a la base de datos
[2022-06-18 17:07:59] [ ERROR] [OdontologoDao:119] Ha ocurrido un error en consultar el odontologo: 8
[2022-06-18 17:32:44] [ INFO ] [ConfiguracionJDBC:40] Conexión exitosa a la base de datos
[2022-06-18 17:32:44] [ INFO ] [OdontologoDao:173] Se eliminó al odontólogo con id: 8
[2022-06-18 17:34:00] [ INFO ] [ConfiguracionJDBC:40] Conexión exitosa a la base de datos
[2022-06-18 17:34:00] [ ERROR] [OdontologoDao:119] Ha ocurrido un error en consultar el odontologo: 1
[2022-06-18 17:46:19] [ INFO ] [ConfiguracionJDBC:40] Conexión exitosa a la base de datos
[2022-06-18 17:46:19] [ ERROR] [OdontologoDao:50] Ha ocurrido un error en consultar los odontólogosorg.h2.jdbc.JdbcSQLSyntaxErrorException: Columna "matricula" no encontrada
Column "matricula" not found [42122-212]
[2022-06-18 18:00:22] [ INFO ] [ConfiguracionJDBC:40] Conexión exitosa a la base de datos
[2022-06-18 18:02:19] [ INFO ] [ConfiguracionJDBC:40] Conexión exitosa a la base de datos
[2022-06-18 18:15:44] [ INFO ] [ConfiguracionJDBC:40] Conexión exitosa a la base de datos
[2022-06-18 18:17:21] [ INFO ] [ConfiguracionJDBC:40] Conexión exitosa a la base de datos
[2022-06-18 18:26:54] [ INFO ] [ConfiguracionJDBC:40] Conexión exitosa a la base de datos
[2022-06-18 18:26:54] [ ERROR] [OdontologoDao:119] Ha ocurrido un error en consultar el odontologo: 1
[2022-06-18 18:28:55] [ INFO ] [ConfiguracionJDBC:40] Conexión exitosa a la base de datos
[2022-06-18 18:28:55] [ ERROR] [OdontologoDao:119] Ha ocurrido un error en consultar el odontologo: 1
[2022-06-18 18:35:15] [ INFO ] [ConfiguracionJDBC:40] Conexión exitosa a la base de datos
[2022-06-18 18:35:15] [ ERROR] [PacienteDao:94] Ha ocurrido un error al crear nuevo paciente: org.h2.jdbc.JdbcSQLSyntaxErrorException: Columna "DOMICILIO_ID" no encontrada
Column "DOMICILIO_ID" not found; SQL statement:
INSERT INTO pacientes(nombre,apellido,dni,fecha_ingreso,domicilio_id) VALUES(?,?,?,?,?) [42122-212]
[2022-06-18 18:39:00] [ INFO ] [ConfiguracionJDBC:40] Conexión exitosa a la base de datos
[2022-06-18 18:39:00] [ ERROR] [PacienteDao:94] Ha ocurrido un error al crear nuevo paciente: org.h2.jdbc.JdbcSQLSyntaxErrorException: Columna "DOMICILIO_ID" no encontrada
Column "DOMICILIO_ID" not found; SQL statement:
INSERT INTO pacientes(nombre,apellido,dni,fecha_ingreso,domicilio_id) VALUES(?,?,?,?,?) [42122-212]
[2022-06-18 18:42:43] [ INFO ] [ConfiguracionJDBC:40] Conexión exitosa a la base de datos
[2022-06-18 18:42:43] [ ERROR] [PacienteDao:94] Ha ocurrido un error al crear nuevo paciente: org.h2.jdbc.JdbcSQLSyntaxErrorException: Columna "DOMICILIO_ID" no encontrada
Column "DOMICILIO_ID" not found; SQL statement:
INSERT INTO pacientes(nombre,apellido,dni,fecha_ingreso,domicilio_id) VALUES(?,?,?,?,?) [42122-212]
[2022-06-18 18:45:40] [ INFO ] [ConfiguracionJDBC:40] Conexión exitosa a la base de datos
[2022-06-18 18:45:40] [ ERROR] [PacienteDao:94] Ha ocurrido un error al crear nuevo paciente: org.h2.jdbc.JdbcSQLSyntaxErrorException: Columna "DOMICILIO_ID" no encontrada
Column "DOMICILIO_ID" not found; SQL statement:
INSERT INTO pacientes(nombre,apellido,dni,fecha_ingreso,domicilio_id) VALUES(?,?,?,?,?) [42122-212]
[2022-06-18 18:57:47] [ INFO ] [ConfiguracionJDBC:40] Conexión exitosa a la base de datos
[2022-06-18 18:57:47] [ ERROR] [PacienteDao:94] Ha ocurrido un error al crear nuevo paciente: org.h2.jdbc.JdbcSQLSyntaxErrorException: Columna "DOMICILIO_ID" no encontrada
Column "DOMICILIO_ID" not found; SQL statement:
INSERT INTO pacientes(nombre,apellido,dni,fecha_ingreso,domicilio_id) VALUES(?,?,?,?,?) [42122-212]
[2022-06-18 19:01:41] [ INFO ] [ConfiguracionJDBC:40] Conexión exitosa a la base de datos
[2022-06-18 19:01:41] [ ERROR] [PacienteDao:94] Ha ocurrido un error al crear nuevo paciente: org.h2.jdbc.JdbcSQLSyntaxErrorException: Columna "DOMICILIO_ID" no encontrada
Column "DOMICILIO_ID" not found; SQL statement:
INSERT INTO pacientes(nombre,apellido,dni,fecha_ingreso,domicilio_id) VALUES(?,?,?,?,?) [42122-212]
[2022-06-18 19:12:49] [ INFO ] [ConfiguracionJDBC:40] Conexión exitosa a la base de datos
[2022-06-18 19:12:49] [ ERROR] [PacienteDao:94] Ha ocurrido un error al crear nuevo paciente: org.h2.jdbc.JdbcSQLSyntaxErrorException: Columna "DOMICILIO_ID" no encontrada
Column "DOMICILIO_ID" not found; SQL statement:
INSERT INTO pacientes(nombre,apellido,dni,fecha_ingreso,domicilio_id) VALUES(?,?,?,?,?) [42122-212]
[2022-06-18 19:14:39] [ INFO ] [ConfiguracionJDBC:40] Conexión exitosa a la base de datos
[2022-06-18 19:14:39] [ ERROR] [PacienteDao:94] Ha ocurrido un error al crear nuevo paciente: org.h2.jdbc.JdbcSQLSyntaxErrorException: Columna "DOMICILIO_ID" no encontrada
Column "DOMICILIO_ID" not found; SQL statement:
INSERT INTO pacientes(nombre,apellido,dni,fecha_ingreso,domicilio_id) VALUES(?,?,?,?,?) [42122-212]
