[2022-06-0417:10:49] [ INFO ] [OdontologoDao:40] Cargando el controlador...
[2022-06-0417:10:49] [ INFO ] [OdontologoDao:44] Conectando a la base de datos...
[2022-06-0417:10:50] [ INFO ] [OdontologoDao:49] Ejecutando consulta a base de datos...
[2022-06-0417:10:50] [ INFO ] [OdontologoDao:53] Cargando resultado...
[2022-06-0417:13:25] [ INFO ] [OdontologoDao:40] Cargando el controlador...
[2022-06-0417:13:25] [ INFO ] [OdontologoDao:44] Conectando a la base de datos...
[2022-06-0417:13:26] [ INFO ] [OdontologoDao:49] Ejecutando consulta a base de datos...
[2022-06-0417:13:26] [ INFO ] [OdontologoDao:53] Cargando resultado...
[2022-06-0418:28:24] [ INFO ] [OdontologoDao:40] Cargando el controlador...
[2022-06-0418:28:24] [ INFO ] [OdontologoDao:44] Conectando a la base de datos...
[2022-06-0418:28:24] [ INFO ] [OdontologoDao:49] Ejecutando consulta a base de datos...
[2022-06-0418:28:24] [ INFO ] [OdontologoDao:53] Cargando resultado...
[2022-06-0418:45:32] [ INFO ] [OdontologoDao:44] Carga de controlador exitosa.
[2022-06-0418:45:32] [ INFO ] [OdontologoDao:47] Conectando a la base de datos...
[2022-06-0418:45:32] [ INFO ] [OdontologoDao:51] Conexión a base de datos exitosa.
[2022-06-0418:45:32] [ INFO ] [OdontologoDao:54] Ejecutando consulta a base de datos...
[2022-06-0418:45:32] [ ERROR] [OdontologoDao:70] Ha ocurrido un error al consultar los odontólogos.Error de Sintaxis en sentencia SQL "SELECT * FROMODONTOLOGOS[*]"
Syntax error in SQL statement "SELECT * FROMODONTOLOGOS[*]"; SQL statement:
SELECT * FROModontologos [42000-200]
[2022-06-0418:46:58] [ INFO ] [OdontologoDao:44] Carga de controlador exitosa.
[2022-06-0418:46:58] [ INFO ] [OdontologoDao:47] Conectando a la base de datos...
[2022-06-0418:46:58] [ INFO ] [OdontologoDao:51] Conexión a base de datos exitosa.
[2022-06-0418:46:58] [ INFO ] [OdontologoDao:54] Ejecutando consulta a base de datos...
[2022-06-0418:46:58] [ INFO ] [OdontologoDao:58] Cargando resultado...
[2022-06-0418:58:52] [ INFO ] [OdontologoDao:45] Carga de controlador exitosa.
[2022-06-0418:58:52] [ INFO ] [OdontologoDao:48] Conectando a la base de datos...
[2022-06-0418:58:53] [ INFO ] [OdontologoDao:52] Conexión a base de datos exitosa.
[2022-06-0418:58:53] [ INFO ] [OdontologoDao:55] Ejecutando consulta a base de datos...
[2022-06-0418:58:53] [ INFO ] [OdontologoDao:59] Cargando resultado...
[2022-06-0419:40:57] [ INFO ] [OdontologoDao:46] Carga de controlador exitosa.
[2022-06-0419:40:57] [ INFO ] [OdontologoDao:49] Conectando a la base de datos...
[2022-06-0419:40:58] [ INFO ] [OdontologoDao:53] Conexión a base de datos exitosa.
[2022-06-0419:40:58] [ INFO ] [OdontologoDao:56] Ejecutando consulta a base de datos...
[2022-06-0419:40:58] [ INFO ] [OdontologoDao:60] Cargando resultado...
[2022-06-0510:11:39] [ INFO ] [OdontologoDao:46] Carga de controlador exitosa.
[2022-06-0510:11:39] [ INFO ] [OdontologoDao:49] Conectando a la base de datos...
[2022-06-0510:11:40] [ INFO ] [OdontologoDao:84] Carga de controlador exitosa.
[2022-06-0510:11:40] [ INFO ] [OdontologoDao:87] Conectando a la base de datos...
[2022-06-0510:17:18] [ INFO ] [OdontologoDao:84] Carga de controlador exitosa.
[2022-06-0510:17:18] [ INFO ] [OdontologoDao:87] Conectando a la base de datos...
